<?xml version="1.0" encoding="UTF-8"?>
<coverage generated="1763916404492" clover="3.2.0">
  <project timestamp="1763916404492" name="All files">
    <metrics statements="43" coveredstatements="43" conditionals="67" coveredconditionals="61" methods="6" coveredmethods="6" elements="116" coveredelements="110" complexity="0" loc="43" ncloc="43" packages="2" files="2" classes="2"/>
    <package name="components">
      <metrics statements="18" coveredstatements="18" conditionals="34" coveredconditionals="28" methods="5" coveredmethods="5"/>
      <file name="ProductForm.jsx" path="D:\GitHub\KTPM\frontend\src\components\ProductForm.jsx">
        <metrics statements="18" coveredstatements="18" conditionals="34" coveredconditionals="28" methods="5" coveredmethods="5"/>
        <line num="4" count="1" type="stmt"/>
        <line num="14" count="28" type="stmt"/>
        <line num="15" count="28" type="stmt"/>
        <line num="17" count="28" type="stmt"/>
        <line num="18" count="5" type="cond" truecount="2" falsecount="0"/>
        <line num="20" count="1" type="stmt"/>
        <line num="22" count="4" type="stmt"/>
        <line num="26" count="28" type="stmt"/>
        <line num="27" count="14" type="stmt"/>
        <line num="28" count="14" type="stmt"/>
        <line num="31" count="28" type="stmt"/>
        <line num="33" count="4" type="stmt"/>
        <line num="34" count="4" type="stmt"/>
        <line num="37" count="4" type="cond" truecount="2" falsecount="0"/>
        <line num="38" count="3" type="stmt"/>
        <line num="42" count="1" type="stmt"/>
        <line num="52" count="1" type="stmt"/>
        <line num="55" count="28" type="stmt"/>
      </file>
    </package>
    <package name="utils">
      <metrics statements="25" coveredstatements="25" conditionals="33" coveredconditionals="33" methods="1" coveredmethods="1"/>
      <file name="productValidation.js" path="D:\GitHub\KTPM\frontend\src\utils\productValidation.js">
        <metrics statements="25" coveredstatements="25" conditionals="33" coveredconditionals="33" methods="1" coveredmethods="1"/>
        <line num="2" count="2" type="stmt"/>
        <line num="3" count="15" type="stmt"/>
        <line num="5" count="15" type="cond" truecount="2" falsecount="0"/>
        <line num="6" count="15" type="cond" truecount="2" falsecount="0"/>
        <line num="7" count="2" type="stmt"/>
        <line num="8" count="13" type="cond" truecount="4" falsecount="0"/>
        <line num="9" count="2" type="stmt"/>
        <line num="12" count="15" type="stmt"/>
        <line num="13" count="15" type="cond" truecount="4" falsecount="0"/>
        <line num="14" count="2" type="stmt"/>
        <line num="17" count="13" type="stmt"/>
        <line num="18" count="13" type="cond" truecount="4" falsecount="0"/>
        <line num="19" count="1" type="stmt"/>
        <line num="23" count="15" type="stmt"/>
        <line num="24" count="15" type="cond" truecount="4" falsecount="0"/>
        <line num="25" count="1" type="stmt"/>
        <line num="27" count="14" type="stmt"/>
        <line num="28" count="14" type="cond" truecount="5" falsecount="0"/>
        <line num="29" count="2" type="stmt"/>
        <line num="33" count="15" type="cond" truecount="4" falsecount="0"/>
        <line num="34" count="1" type="stmt"/>
        <line num="37" count="15" type="cond" truecount="2" falsecount="0"/>
        <line num="38" count="15" type="cond" truecount="2" falsecount="0"/>
        <line num="39" count="2" type="stmt"/>
        <line num="42" count="15" type="stmt"/>
      </file>
    </package>
  </project>
</coverage>
