<?xml version="1.0" encoding="UTF-8"?>
<coverage generated="1764508482205" clover="3.2.0">
  <project timestamp="1764508482205" name="All files">
    <metrics statements="44" coveredstatements="44" conditionals="16" coveredconditionals="16" methods="20" coveredmethods="20" elements="80" coveredelements="80" complexity="0" loc="44" ncloc="44" packages="1" files="4" classes="4"/>
    <file name="ProductDetail.jsx" path="C:\Users\user\Desktop\Code\visual code\KTPM\frontend\src\components\ProductDetail.jsx">
      <metrics statements="2" coveredstatements="2" conditionals="2" coveredconditionals="2" methods="1" coveredmethods="1"/>
      <line num="4" count="2" type="cond" truecount="2" falsecount="0"/>
      <line num="6" count="1" type="stmt"/>
    </file>
    <file name="ProductForm.jsx" path="C:\Users\user\Desktop\Code\visual code\KTPM\frontend\src\components\ProductForm.jsx">
      <metrics statements="7" coveredstatements="7" conditionals="4" coveredconditionals="4" methods="4" coveredmethods="4"/>
      <line num="4" count="25" type="stmt"/>
      <line num="13" count="25" type="stmt"/>
      <line num="15" count="7" type="cond" truecount="2" falsecount="0"/>
      <line num="18" count="25" type="stmt"/>
      <line num="19" count="16" type="stmt"/>
      <line num="22" count="25" type="stmt"/>
      <line num="63" count="6" type="stmt"/>
    </file>
    <file name="ProductList.jsx" path="C:\Users\user\Desktop\Code\visual code\KTPM\frontend\src\components\ProductList.jsx">
      <metrics statements="5" coveredstatements="5" conditionals="0" coveredconditionals="0" methods="5" coveredmethods="5"/>
      <line num="4" count="22" type="stmt"/>
      <line num="23" count="8" type="stmt"/>
      <line num="31" count="1" type="stmt"/>
      <line num="32" count="2" type="stmt"/>
      <line num="33" count="1" type="stmt"/>
    </file>
    <file name="ProductManager.jsx" path="C:\Users\user\Desktop\Code\visual code\KTPM\frontend\src\components\ProductManager.jsx">
      <metrics statements="30" coveredstatements="30" conditionals="10" coveredconditionals="10" methods="10" coveredmethods="10"/>
      <line num="8" count="30" type="stmt"/>
      <line num="9" count="30" type="stmt"/>
      <line num="10" count="30" type="stmt"/>
      <line num="12" count="30" type="stmt"/>
      <line num="14" count="30" type="stmt"/>
      <line num="15" count="18" type="stmt"/>
      <line num="16" count="18" type="stmt"/>
      <line num="17" count="18" type="stmt"/>
      <line num="20" count="30" type="stmt"/>
      <line num="21" count="11" type="stmt"/>
      <line num="24" count="30" type="stmt"/>
      <line num="25" count="5" type="stmt"/>
      <line num="26" count="5" type="stmt"/>
      <line num="29" count="30" type="stmt"/>
      <line num="30" count="2" type="stmt"/>
      <line num="31" count="2" type="stmt"/>
      <line num="34" count="30" type="stmt"/>
      <line num="35" count="1" type="stmt"/>
      <line num="36" count="1" type="stmt"/>
      <line num="39" count="30" type="stmt"/>
      <line num="40" count="6" type="cond" truecount="2" falsecount="0"/>
      <line num="41" count="6" type="stmt"/>
      <line num="46" count="6" type="stmt"/>
      <line num="47" count="6" type="stmt"/>
      <line num="50" count="30" type="stmt"/>
      <line num="51" count="1" type="stmt"/>
      <line num="52" count="1" type="stmt"/>
      <line num="55" count="30" type="stmt"/>
      <line num="71" count="1" type="stmt"/>
      <line num="78" count="1" type="stmt"/>
    </file>
  </project>
</coverage>
