{"D:\\GitHub\\KTPM\\frontend\\src\\components\\ProductForm.jsx": {"path":"D:\\GitHub\\KTPM\\frontend\\src\\components\\ProductForm.jsx","statementMap":{"0":{"start":{"line":4,"column":18},"end":{"line":11,"column":1}},"1":{"start":{"line":14,"column":26},"end":{"line":14,"column":45}},"2":{"start":{"line":15,"column":30},"end":{"line":15,"column":42}},"3":{"start":{"line":17,"column":2},"end":{"line":24,"column":16}},"4":{"start":{"line":18,"column":4},"end":{"line":23,"column":5}},"5":{"start":{"line":20,"column":6},"end":{"line":20,"column":44}},"6":{"start":{"line":22,"column":6},"end":{"line":22,"column":25}},"7":{"start":{"line":26,"column":17},"end":{"line":29,"column":3}},"8":{"start":{"line":27,"column":28},"end":{"line":27,"column":36}},"9":{"start":{"line":28,"column":4},"end":{"line":28,"column":52}},"10":{"start":{"line":28,"column":23},"end":{"line":28,"column":49}},"11":{"start":{"line":31,"column":23},"end":{"line":53,"column":3}},"12":{"start":{"line":33,"column":29},"end":{"line":33,"column":50}},"13":{"start":{"line":34,"column":4},"end":{"line":34,"column":32}},"14":{"start":{"line":37,"column":4},"end":{"line":39,"column":5}},"15":{"start":{"line":38,"column":6},"end":{"line":38,"column":13}},"16":{"start":{"line":42,"column":20},"end":{"line":50,"column":5}},"17":{"start":{"line":52,"column":4},"end":{"line":52,"column":20}},"18":{"start":{"line":55,"column":2},"end":{"line":124,"column":4}}},"fnMap":{"0":{"name":"ProductForm","decl":{"start":{"line":13,"column":24},"end":{"line":13,"column":35}},"loc":{"start":{"line":13,"column":67},"end":{"line":125,"column":1}},"line":13},"1":{"name":"(anonymous_1)","decl":{"start":{"line":17,"column":12},"end":{"line":17,"column":13}},"loc":{"start":{"line":17,"column":18},"end":{"line":24,"column":3}},"line":17},"2":{"name":"(anonymous_2)","decl":{"start":{"line":26,"column":17},"end":{"line":26,"column":18}},"loc":{"start":{"line":26,"column":24},"end":{"line":29,"column":3}},"line":26},"3":{"name":"(anonymous_3)","decl":{"start":{"line":28,"column":12},"end":{"line":28,"column":13}},"loc":{"start":{"line":28,"column":23},"end":{"line":28,"column":49}},"line":28},"4":{"name":"(anonymous_4)","decl":{"start":{"line":31,"column":23},"end":{"line":31,"column":24}},"loc":{"start":{"line":31,"column":29},"end":{"line":53,"column":3}},"line":31}},"branchMap":{"0":{"loc":{"start":{"line":18,"column":4},"end":{"line":23,"column":5}},"type":"if","locations":[{"start":{"line":18,"column":4},"end":{"line":23,"column":5}},{"start":{"line":21,"column":11},"end":{"line":23,"column":5}}],"line":18},"1":{"loc":{"start":{"line":37,"column":4},"end":{"line":39,"column":5}},"type":"if","locations":[{"start":{"line":37,"column":4},"end":{"line":39,"column":5}},{"start":{},"end":{}}],"line":37},"2":{"loc":{"start":{"line":45,"column":8},"end":{"line":47,"column":33}},"type":"cond-expr","locations":[{"start":{"line":46,"column":12},"end":{"line":46,"column":16}},{"start":{"line":47,"column":12},"end":{"line":47,"column":33}}],"line":45},"3":{"loc":{"start":{"line":45,"column":8},"end":{"line":45,"column":53}},"type":"binary-expr","locations":[{"start":{"line":45,"column":8},"end":{"line":45,"column":28}},{"start":{"line":45,"column":32},"end":{"line":45,"column":53}}],"line":45},"4":{"loc":{"start":{"line":49,"column":8},"end":{"line":49,"column":75}},"type":"cond-expr","locations":[{"start":{"line":49,"column":50},"end":{"line":49,"column":54}},{"start":{"line":49,"column":57},"end":{"line":49,"column":75}}],"line":49},"5":{"loc":{"start":{"line":49,"column":8},"end":{"line":49,"column":47}},"type":"binary-expr","locations":[{"start":{"line":49,"column":8},"end":{"line":49,"column":25}},{"start":{"line":49,"column":29},"end":{"line":49,"column":47}}],"line":49},"6":{"loc":{"start":{"line":57,"column":11},"end":{"line":57,"column":53}},"type":"cond-expr","locations":[{"start":{"line":57,"column":21},"end":{"line":57,"column":35}},{"start":{"line":57,"column":38},"end":{"line":57,"column":53}}],"line":57},"7":{"loc":{"start":{"line":64,"column":17},"end":{"line":64,"column":32}},"type":"binary-expr","locations":[{"start":{"line":64,"column":17},"end":{"line":64,"column":26}},{"start":{"line":64,"column":30},"end":{"line":64,"column":32}}],"line":64},"8":{"loc":{"start":{"line":67,"column":9},"end":{"line":67,"column":57}},"type":"binary-expr","locations":[{"start":{"line":67,"column":9},"end":{"line":67,"column":20}},{"start":{"line":67,"column":24},"end":{"line":67,"column":57}}],"line":67},"9":{"loc":{"start":{"line":76,"column":17},"end":{"line":76,"column":36}},"type":"binary-expr","locations":[{"start":{"line":76,"column":17},"end":{"line":76,"column":30}},{"start":{"line":76,"column":34},"end":{"line":76,"column":36}}],"line":76},"10":{"loc":{"start":{"line":79,"column":9},"end":{"line":79,"column":65}},"type":"binary-expr","locations":[{"start":{"line":79,"column":9},"end":{"line":79,"column":24}},{"start":{"line":79,"column":28},"end":{"line":79,"column":65}}],"line":79},"11":{"loc":{"start":{"line":88,"column":17},"end":{"line":88,"column":33}},"type":"binary-expr","locations":[{"start":{"line":88,"column":17},"end":{"line":88,"column":27}},{"start":{"line":88,"column":31},"end":{"line":88,"column":33}}],"line":88},"12":{"loc":{"start":{"line":91,"column":9},"end":{"line":91,"column":59}},"type":"binary-expr","locations":[{"start":{"line":91,"column":9},"end":{"line":91,"column":21}},{"start":{"line":91,"column":25},"end":{"line":91,"column":59}}],"line":91},"13":{"loc":{"start":{"line":99,"column":17},"end":{"line":99,"column":39}},"type":"binary-expr","locations":[{"start":{"line":99,"column":17},"end":{"line":99,"column":33}},{"start":{"line":99,"column":37},"end":{"line":99,"column":39}}],"line":99},"14":{"loc":{"start":{"line":102,"column":9},"end":{"line":102,"column":71}},"type":"binary-expr","locations":[{"start":{"line":102,"column":9},"end":{"line":102,"column":27}},{"start":{"line":102,"column":31},"end":{"line":102,"column":71}}],"line":102},"15":{"loc":{"start":{"line":110,"column":17},"end":{"line":110,"column":36}},"type":"binary-expr","locations":[{"start":{"line":110,"column":17},"end":{"line":110,"column":30}},{"start":{"line":110,"column":34},"end":{"line":110,"column":36}}],"line":110},"16":{"loc":{"start":{"line":118,"column":9},"end":{"line":118,"column":65}},"type":"binary-expr","locations":[{"start":{"line":118,"column":9},"end":{"line":118,"column":24}},{"start":{"line":118,"column":28},"end":{"line":118,"column":65}}],"line":118}},"s":{"0":1,"1":28,"2":28,"3":28,"4":5,"5":1,"6":4,"7":28,"8":14,"9":14,"10":14,"11":28,"12":4,"13":4,"14":4,"15":3,"16":1,"17":1,"18":28},"f":{"0":28,"1":5,"2":14,"3":14,"4":4},"b":{"0":[1,4],"1":[3,1],"2":[0,1],"3":[1,1],"4":[0,1],"5":[1,1],"6":[2,26],"7":[28,10],"8":[28,1],"9":[28,0],"10":[28,0],"11":[28,0],"12":[28,1],"13":[28,24],"14":[28,0],"15":[28,21],"16":[28,1]},"_coverageSchema":"1a1c01bbd47fc00a2c39e90264f33305004495a9","hash":"14019054f21025272cea1eed3ed2c052fe500467"}
,"D:\\GitHub\\KTPM\\frontend\\src\\utils\\productValidation.js": {"path":"D:\\GitHub\\KTPM\\frontend\\src\\utils\\productValidation.js","statementMap":{"0":{"start":{"line":2,"column":31},"end":{"line":43,"column":1}},"1":{"start":{"line":3,"column":19},"end":{"line":3,"column":21}},"2":{"start":{"line":5,"column":17},"end":{"line":5,"column":56}},"3":{"start":{"line":6,"column":4},"end":{"line":10,"column":5}},"4":{"start":{"line":7,"column":8},"end":{"line":7,"column":57}},"5":{"start":{"line":8,"column":11},"end":{"line":10,"column":5}},"6":{"start":{"line":9,"column":8},"end":{"line":9,"column":61}},"7":{"start":{"line":12,"column":21},"end":{"line":12,"column":34}},"8":{"start":{"line":13,"column":4},"end":{"line":21,"column":5}},"9":{"start":{"line":14,"column":8},"end":{"line":14,"column":49}},"10":{"start":{"line":17,"column":22},"end":{"line":17,"column":38}},"11":{"start":{"line":18,"column":8},"end":{"line":20,"column":9}},"12":{"start":{"line":19,"column":12},"end":{"line":19,"column":48}},"13":{"start":{"line":23,"column":24},"end":{"line":23,"column":40}},"14":{"start":{"line":24,"column":4},"end":{"line":31,"column":5}},"15":{"start":{"line":25,"column":8},"end":{"line":25,"column":57}},"16":{"start":{"line":27,"column":25},"end":{"line":27,"column":44}},"17":{"start":{"line":28,"column":8},"end":{"line":30,"column":9}},"18":{"start":{"line":29,"column":12},"end":{"line":29,"column":62}},"19":{"start":{"line":33,"column":4},"end":{"line":35,"column":5}},"20":{"start":{"line":34,"column":8},"end":{"line":34,"column":70}},"21":{"start":{"line":37,"column":21},"end":{"line":37,"column":68}},"22":{"start":{"line":38,"column":4},"end":{"line":40,"column":5}},"23":{"start":{"line":39,"column":8},"end":{"line":39,"column":57}},"24":{"start":{"line":42,"column":4},"end":{"line":42,"column":18}}},"fnMap":{"0":{"name":"(anonymous_0)","decl":{"start":{"line":2,"column":31},"end":{"line":2,"column":32}},"loc":{"start":{"line":2,"column":44},"end":{"line":43,"column":1}},"line":2}},"branchMap":{"0":{"loc":{"start":{"line":5,"column":17},"end":{"line":5,"column":56}},"type":"cond-expr","locations":[{"start":{"line":5,"column":32},"end":{"line":5,"column":51}},{"start":{"line":5,"column":54},"end":{"line":5,"column":56}}],"line":5},"1":{"loc":{"start":{"line":6,"column":4},"end":{"line":10,"column":5}},"type":"if","locations":[{"start":{"line":6,"column":4},"end":{"line":10,"column":5}},{"start":{"line":8,"column":11},"end":{"line":10,"column":5}}],"line":6},"2":{"loc":{"start":{"line":8,"column":11},"end":{"line":10,"column":5}},"type":"if","locations":[{"start":{"line":8,"column":11},"end":{"line":10,"column":5}},{"start":{},"end":{}}],"line":8},"3":{"loc":{"start":{"line":8,"column":15},"end":{"line":8,"column":51}},"type":"binary-expr","locations":[{"start":{"line":8,"column":15},"end":{"line":8,"column":30}},{"start":{"line":8,"column":34},"end":{"line":8,"column":51}}],"line":8},"4":{"loc":{"start":{"line":13,"column":4},"end":{"line":21,"column":5}},"type":"if","locations":[{"start":{"line":13,"column":4},"end":{"line":21,"column":5}},{"start":{"line":16,"column":9},"end":{"line":21,"column":5}}],"line":13},"5":{"loc":{"start":{"line":13,"column":7},"end":{"line":13,"column":43}},"type":"binary-expr","locations":[{"start":{"line":13,"column":7},"end":{"line":13,"column":24}},{"start":{"line":13,"column":28},"end":{"line":13,"column":43}}],"line":13},"6":{"loc":{"start":{"line":18,"column":8},"end":{"line":20,"column":9}},"type":"if","locations":[{"start":{"line":18,"column":8},"end":{"line":20,"column":9}},{"start":{},"end":{}}],"line":18},"7":{"loc":{"start":{"line":18,"column":11},"end":{"line":18,"column":44}},"type":"binary-expr","locations":[{"start":{"line":18,"column":11},"end":{"line":18,"column":30}},{"start":{"line":18,"column":34},"end":{"line":18,"column":44}}],"line":18},"8":{"loc":{"start":{"line":24,"column":4},"end":{"line":31,"column":5}},"type":"if","locations":[{"start":{"line":24,"column":4},"end":{"line":31,"column":5}},{"start":{"line":26,"column":11},"end":{"line":31,"column":5}}],"line":24},"9":{"loc":{"start":{"line":24,"column":7},"end":{"line":24,"column":49}},"type":"binary-expr","locations":[{"start":{"line":24,"column":7},"end":{"line":24,"column":27}},{"start":{"line":24,"column":31},"end":{"line":24,"column":49}}],"line":24},"10":{"loc":{"start":{"line":28,"column":8},"end":{"line":30,"column":9}},"type":"if","locations":[{"start":{"line":28,"column":8},"end":{"line":30,"column":9}},{"start":{},"end":{}}],"line":28},"11":{"loc":{"start":{"line":28,"column":11},"end":{"line":28,"column":69}},"type":"binary-expr","locations":[{"start":{"line":28,"column":11},"end":{"line":28,"column":33}},{"start":{"line":28,"column":37},"end":{"line":28,"column":49}},{"start":{"line":28,"column":53},"end":{"line":28,"column":69}}],"line":28},"12":{"loc":{"start":{"line":33,"column":4},"end":{"line":35,"column":5}},"type":"if","locations":[{"start":{"line":33,"column":4},"end":{"line":35,"column":5}},{"start":{},"end":{}}],"line":33},"13":{"loc":{"start":{"line":33,"column":7},"end":{"line":33,"column":70}},"type":"binary-expr","locations":[{"start":{"line":33,"column":7},"end":{"line":33,"column":26}},{"start":{"line":33,"column":30},"end":{"line":33,"column":70}}],"line":33},"14":{"loc":{"start":{"line":37,"column":21},"end":{"line":37,"column":68}},"type":"cond-expr","locations":[{"start":{"line":37,"column":40},"end":{"line":37,"column":63}},{"start":{"line":37,"column":66},"end":{"line":37,"column":68}}],"line":37},"15":{"loc":{"start":{"line":38,"column":4},"end":{"line":40,"column":5}},"type":"if","locations":[{"start":{"line":38,"column":4},"end":{"line":40,"column":5}},{"start":{},"end":{}}],"line":38}},"s":{"0":2,"1":15,"2":15,"3":15,"4":2,"5":13,"6":2,"7":15,"8":15,"9":2,"10":13,"11":13,"12":1,"13":15,"14":15,"15":1,"16":14,"17":14,"18":2,"19":15,"20":1,"21":15,"22":15,"23":2,"24":15},"f":{"0":15},"b":{"0":[13,2],"1":[2,13],"2":[2,11],"3":[13,12],"4":[2,13],"5":[15,15],"6":[1,12],"7":[13,13],"8":[1,14],"9":[15,15],"10":[2,12],"11":[14,14,13],"12":[1,14],"13":[15,12],"14":[13,2],"15":[2,13]},"_coverageSchema":"1a1c01bbd47fc00a2c39e90264f33305004495a9","hash":"271eb6a9220b0afeec27ab6b3538a7caf29caa0a"}
}
