{"D:\\GitHub\\KTPM\\frontend\\src\\components\\ProductForm.jsx": {"path":"D:\\GitHub\\KTPM\\frontend\\src\\components\\ProductForm.jsx","statementMap":{"0":{"start":{"line":4,"column":18},"end":{"line":11,"column":1}},"1":{"start":{"line":14,"column":28},"end":{"line":14,"column":47}},"2":{"start":{"line":15,"column":32},"end":{"line":15,"column":44}},"3":{"start":{"line":17,"column":4},"end":{"line":23,"column":18}},"4":{"start":{"line":18,"column":8},"end":{"line":22,"column":9}},"5":{"start":{"line":19,"column":12},"end":{"line":19,"column":50}},"6":{"start":{"line":21,"column":12},"end":{"line":21,"column":31}},"7":{"start":{"line":25,"column":19},"end":{"line":28,"column":5}},"8":{"start":{"line":26,"column":32},"end":{"line":26,"column":40}},"9":{"start":{"line":27,"column":8},"end":{"line":27,"column":56}},"10":{"start":{"line":27,"column":27},"end":{"line":27,"column":53}},"11":{"start":{"line":30,"column":25},"end":{"line":49,"column":5}},"12":{"start":{"line":31,"column":33},"end":{"line":31,"column":54}},"13":{"start":{"line":32,"column":8},"end":{"line":32,"column":36}},"14":{"start":{"line":34,"column":8},"end":{"line":36,"column":9}},"15":{"start":{"line":35,"column":12},"end":{"line":35,"column":19}},"16":{"start":{"line":38,"column":24},"end":{"line":46,"column":9}},"17":{"start":{"line":48,"column":8},"end":{"line":48,"column":24}},"18":{"start":{"line":51,"column":4},"end":{"line":121,"column":6}}},"fnMap":{"0":{"name":"ProductForm","decl":{"start":{"line":13,"column":24},"end":{"line":13,"column":35}},"loc":{"start":{"line":13,"column":67},"end":{"line":122,"column":1}},"line":13},"1":{"name":"(anonymous_1)","decl":{"start":{"line":17,"column":14},"end":{"line":17,"column":15}},"loc":{"start":{"line":17,"column":20},"end":{"line":23,"column":5}},"line":17},"2":{"name":"(anonymous_2)","decl":{"start":{"line":25,"column":19},"end":{"line":25,"column":20}},"loc":{"start":{"line":25,"column":26},"end":{"line":28,"column":5}},"line":25},"3":{"name":"(anonymous_3)","decl":{"start":{"line":27,"column":16},"end":{"line":27,"column":17}},"loc":{"start":{"line":27,"column":27},"end":{"line":27,"column":53}},"line":27},"4":{"name":"(anonymous_4)","decl":{"start":{"line":30,"column":25},"end":{"line":30,"column":26}},"loc":{"start":{"line":30,"column":31},"end":{"line":49,"column":5}},"line":30}},"branchMap":{"0":{"loc":{"start":{"line":18,"column":8},"end":{"line":22,"column":9}},"type":"if","locations":[{"start":{"line":18,"column":8},"end":{"line":22,"column":9}},{"start":{"line":20,"column":15},"end":{"line":22,"column":9}}],"line":18},"1":{"loc":{"start":{"line":34,"column":8},"end":{"line":36,"column":9}},"type":"if","locations":[{"start":{"line":34,"column":8},"end":{"line":36,"column":9}},{"start":{},"end":{}}],"line":34},"2":{"loc":{"start":{"line":41,"column":16},"end":{"line":43,"column":43}},"type":"cond-expr","locations":[{"start":{"line":42,"column":22},"end":{"line":42,"column":26}},{"start":{"line":43,"column":22},"end":{"line":43,"column":43}}],"line":41},"3":{"loc":{"start":{"line":41,"column":16},"end":{"line":41,"column":61}},"type":"binary-expr","locations":[{"start":{"line":41,"column":16},"end":{"line":41,"column":36}},{"start":{"line":41,"column":40},"end":{"line":41,"column":61}}],"line":41},"4":{"loc":{"start":{"line":45,"column":16},"end":{"line":45,"column":83}},"type":"cond-expr","locations":[{"start":{"line":45,"column":58},"end":{"line":45,"column":62}},{"start":{"line":45,"column":65},"end":{"line":45,"column":83}}],"line":45},"5":{"loc":{"start":{"line":45,"column":16},"end":{"line":45,"column":55}},"type":"binary-expr","locations":[{"start":{"line":45,"column":16},"end":{"line":45,"column":33}},{"start":{"line":45,"column":37},"end":{"line":45,"column":55}}],"line":45},"6":{"loc":{"start":{"line":53,"column":17},"end":{"line":53,"column":59}},"type":"cond-expr","locations":[{"start":{"line":53,"column":27},"end":{"line":53,"column":41}},{"start":{"line":53,"column":44},"end":{"line":53,"column":59}}],"line":53},"7":{"loc":{"start":{"line":60,"column":27},"end":{"line":60,"column":42}},"type":"binary-expr","locations":[{"start":{"line":60,"column":27},"end":{"line":60,"column":36}},{"start":{"line":60,"column":40},"end":{"line":60,"column":42}}],"line":60},"8":{"loc":{"start":{"line":63,"column":17},"end":{"line":63,"column":65}},"type":"binary-expr","locations":[{"start":{"line":63,"column":17},"end":{"line":63,"column":28}},{"start":{"line":63,"column":32},"end":{"line":63,"column":65}}],"line":63},"9":{"loc":{"start":{"line":72,"column":27},"end":{"line":72,"column":46}},"type":"binary-expr","locations":[{"start":{"line":72,"column":27},"end":{"line":72,"column":40}},{"start":{"line":72,"column":44},"end":{"line":72,"column":46}}],"line":72},"10":{"loc":{"start":{"line":75,"column":17},"end":{"line":75,"column":73}},"type":"binary-expr","locations":[{"start":{"line":75,"column":17},"end":{"line":75,"column":32}},{"start":{"line":75,"column":36},"end":{"line":75,"column":73}}],"line":75},"11":{"loc":{"start":{"line":84,"column":27},"end":{"line":84,"column":43}},"type":"binary-expr","locations":[{"start":{"line":84,"column":27},"end":{"line":84,"column":37}},{"start":{"line":84,"column":41},"end":{"line":84,"column":43}}],"line":84},"12":{"loc":{"start":{"line":87,"column":17},"end":{"line":87,"column":67}},"type":"binary-expr","locations":[{"start":{"line":87,"column":17},"end":{"line":87,"column":29}},{"start":{"line":87,"column":33},"end":{"line":87,"column":67}}],"line":87},"13":{"loc":{"start":{"line":95,"column":27},"end":{"line":95,"column":49}},"type":"binary-expr","locations":[{"start":{"line":95,"column":27},"end":{"line":95,"column":43}},{"start":{"line":95,"column":47},"end":{"line":95,"column":49}}],"line":95},"14":{"loc":{"start":{"line":98,"column":17},"end":{"line":98,"column":79}},"type":"binary-expr","locations":[{"start":{"line":98,"column":17},"end":{"line":98,"column":35}},{"start":{"line":98,"column":39},"end":{"line":98,"column":79}}],"line":98},"15":{"loc":{"start":{"line":106,"column":27},"end":{"line":106,"column":46}},"type":"binary-expr","locations":[{"start":{"line":106,"column":27},"end":{"line":106,"column":40}},{"start":{"line":106,"column":44},"end":{"line":106,"column":46}}],"line":106},"16":{"loc":{"start":{"line":115,"column":17},"end":{"line":115,"column":73}},"type":"binary-expr","locations":[{"start":{"line":115,"column":17},"end":{"line":115,"column":32}},{"start":{"line":115,"column":36},"end":{"line":115,"column":73}}],"line":115}},"s":{"0":1,"1":49,"2":49,"3":49,"4":9,"5":3,"6":6,"7":49,"8":23,"9":23,"10":23,"11":49,"12":8,"13":8,"14":8,"15":7,"16":1,"17":1,"18":49},"f":{"0":49,"1":9,"2":23,"3":23,"4":8},"b":{"0":[3,6],"1":[7,1],"2":[0,1],"3":[1,1],"4":[0,1],"5":[1,1],"6":[8,41],"7":[49,14],"8":[49,1],"9":[49,2],"10":[49,2],"11":[49,2],"12":[49,2],"13":[49,38],"14":[49,1],"15":[49,34],"16":[49,1]},"_coverageSchema":"1a1c01bbd47fc00a2c39e90264f33305004495a9","hash":"297b7640268795e080cf72eacd9c128dd391eb0e"}
,"D:\\GitHub\\KTPM\\frontend\\src\\utils\\productValidation.js": {"path":"D:\\GitHub\\KTPM\\frontend\\src\\utils\\productValidation.js","statementMap":{"0":{"start":{"line":2,"column":31},"end":{"line":43,"column":1}},"1":{"start":{"line":3,"column":19},"end":{"line":3,"column":21}},"2":{"start":{"line":5,"column":17},"end":{"line":5,"column":56}},"3":{"start":{"line":6,"column":4},"end":{"line":10,"column":5}},"4":{"start":{"line":7,"column":8},"end":{"line":7,"column":57}},"5":{"start":{"line":8,"column":11},"end":{"line":10,"column":5}},"6":{"start":{"line":9,"column":8},"end":{"line":9,"column":61}},"7":{"start":{"line":12,"column":21},"end":{"line":12,"column":34}},"8":{"start":{"line":13,"column":4},"end":{"line":21,"column":5}},"9":{"start":{"line":14,"column":8},"end":{"line":14,"column":49}},"10":{"start":{"line":17,"column":22},"end":{"line":17,"column":38}},"11":{"start":{"line":18,"column":8},"end":{"line":20,"column":9}},"12":{"start":{"line":19,"column":12},"end":{"line":19,"column":48}},"13":{"start":{"line":23,"column":24},"end":{"line":23,"column":40}},"14":{"start":{"line":24,"column":4},"end":{"line":31,"column":5}},"15":{"start":{"line":25,"column":8},"end":{"line":25,"column":57}},"16":{"start":{"line":27,"column":25},"end":{"line":27,"column":44}},"17":{"start":{"line":28,"column":8},"end":{"line":30,"column":9}},"18":{"start":{"line":29,"column":12},"end":{"line":29,"column":62}},"19":{"start":{"line":33,"column":4},"end":{"line":35,"column":5}},"20":{"start":{"line":34,"column":8},"end":{"line":34,"column":70}},"21":{"start":{"line":37,"column":21},"end":{"line":37,"column":68}},"22":{"start":{"line":38,"column":4},"end":{"line":40,"column":5}},"23":{"start":{"line":39,"column":8},"end":{"line":39,"column":57}},"24":{"start":{"line":42,"column":4},"end":{"line":42,"column":18}}},"fnMap":{"0":{"name":"(anonymous_0)","decl":{"start":{"line":2,"column":31},"end":{"line":2,"column":32}},"loc":{"start":{"line":2,"column":44},"end":{"line":43,"column":1}},"line":2}},"branchMap":{"0":{"loc":{"start":{"line":5,"column":17},"end":{"line":5,"column":56}},"type":"cond-expr","locations":[{"start":{"line":5,"column":32},"end":{"line":5,"column":51}},{"start":{"line":5,"column":54},"end":{"line":5,"column":56}}],"line":5},"1":{"loc":{"start":{"line":6,"column":4},"end":{"line":10,"column":5}},"type":"if","locations":[{"start":{"line":6,"column":4},"end":{"line":10,"column":5}},{"start":{"line":8,"column":11},"end":{"line":10,"column":5}}],"line":6},"2":{"loc":{"start":{"line":8,"column":11},"end":{"line":10,"column":5}},"type":"if","locations":[{"start":{"line":8,"column":11},"end":{"line":10,"column":5}},{"start":{},"end":{}}],"line":8},"3":{"loc":{"start":{"line":8,"column":15},"end":{"line":8,"column":51}},"type":"binary-expr","locations":[{"start":{"line":8,"column":15},"end":{"line":8,"column":30}},{"start":{"line":8,"column":34},"end":{"line":8,"column":51}}],"line":8},"4":{"loc":{"start":{"line":13,"column":4},"end":{"line":21,"column":5}},"type":"if","locations":[{"start":{"line":13,"column":4},"end":{"line":21,"column":5}},{"start":{"line":16,"column":9},"end":{"line":21,"column":5}}],"line":13},"5":{"loc":{"start":{"line":13,"column":7},"end":{"line":13,"column":43}},"type":"binary-expr","locations":[{"start":{"line":13,"column":7},"end":{"line":13,"column":24}},{"start":{"line":13,"column":28},"end":{"line":13,"column":43}}],"line":13},"6":{"loc":{"start":{"line":18,"column":8},"end":{"line":20,"column":9}},"type":"if","locations":[{"start":{"line":18,"column":8},"end":{"line":20,"column":9}},{"start":{},"end":{}}],"line":18},"7":{"loc":{"start":{"line":18,"column":11},"end":{"line":18,"column":44}},"type":"binary-expr","locations":[{"start":{"line":18,"column":11},"end":{"line":18,"column":30}},{"start":{"line":18,"column":34},"end":{"line":18,"column":44}}],"line":18},"8":{"loc":{"start":{"line":24,"column":4},"end":{"line":31,"column":5}},"type":"if","locations":[{"start":{"line":24,"column":4},"end":{"line":31,"column":5}},{"start":{"line":26,"column":11},"end":{"line":31,"column":5}}],"line":24},"9":{"loc":{"start":{"line":24,"column":7},"end":{"line":24,"column":49}},"type":"binary-expr","locations":[{"start":{"line":24,"column":7},"end":{"line":24,"column":27}},{"start":{"line":24,"column":31},"end":{"line":24,"column":49}}],"line":24},"10":{"loc":{"start":{"line":28,"column":8},"end":{"line":30,"column":9}},"type":"if","locations":[{"start":{"line":28,"column":8},"end":{"line":30,"column":9}},{"start":{},"end":{}}],"line":28},"11":{"loc":{"start":{"line":28,"column":11},"end":{"line":28,"column":69}},"type":"binary-expr","locations":[{"start":{"line":28,"column":11},"end":{"line":28,"column":33}},{"start":{"line":28,"column":37},"end":{"line":28,"column":49}},{"start":{"line":28,"column":53},"end":{"line":28,"column":69}}],"line":28},"12":{"loc":{"start":{"line":33,"column":4},"end":{"line":35,"column":5}},"type":"if","locations":[{"start":{"line":33,"column":4},"end":{"line":35,"column":5}},{"start":{},"end":{}}],"line":33},"13":{"loc":{"start":{"line":33,"column":7},"end":{"line":33,"column":70}},"type":"binary-expr","locations":[{"start":{"line":33,"column":7},"end":{"line":33,"column":26}},{"start":{"line":33,"column":30},"end":{"line":33,"column":70}}],"line":33},"14":{"loc":{"start":{"line":37,"column":21},"end":{"line":37,"column":68}},"type":"cond-expr","locations":[{"start":{"line":37,"column":40},"end":{"line":37,"column":63}},{"start":{"line":37,"column":66},"end":{"line":37,"column":68}}],"line":37},"15":{"loc":{"start":{"line":38,"column":4},"end":{"line":40,"column":5}},"type":"if","locations":[{"start":{"line":38,"column":4},"end":{"line":40,"column":5}},{"start":{},"end":{}}],"line":38}},"s":{"0":2,"1":19,"2":19,"3":19,"4":2,"5":17,"6":2,"7":19,"8":19,"9":3,"10":16,"11":16,"12":1,"13":19,"14":19,"15":2,"16":17,"17":17,"18":3,"19":19,"20":2,"21":19,"22":19,"23":2,"24":19},"f":{"0":19},"b":{"0":[17,2],"1":[2,17],"2":[2,15],"3":[17,16],"4":[3,16],"5":[19,18],"6":[1,15],"7":[16,16],"8":[2,17],"9":[19,18],"10":[3,14],"11":[17,17,16],"12":[2,17],"13":[19,15],"14":[17,2],"15":[2,17]},"_coverageSchema":"1a1c01bbd47fc00a2c39e90264f33305004495a9","hash":"271eb6a9220b0afeec27ab6b3538a7caf29caa0a"}
}
