TN:
SF:src\components\ProductForm.jsx
FN:13,ProductForm
FN:17,(anonymous_1)
FN:26,(anonymous_2)
FN:28,(anonymous_3)
FN:31,(anonymous_4)
FNF:5
FNH:5
FNDA:28,ProductForm
FNDA:5,(anonymous_1)
FNDA:14,(anonymous_2)
FNDA:14,(anonymous_3)
FNDA:4,(anonymous_4)
DA:4,1
DA:14,28
DA:15,28
DA:17,28
DA:18,5
DA:20,1
DA:22,4
DA:26,28
DA:27,14
DA:28,14
DA:31,28
DA:33,4
DA:34,4
DA:37,4
DA:38,3
DA:42,1
DA:52,1
DA:55,28
LF:18
LH:18
BRDA:18,0,0,1
BRDA:18,0,1,4
BRDA:37,1,0,3
BRDA:37,1,1,1
BRDA:45,2,0,0
BRDA:45,2,1,1
BRDA:45,3,0,1
BRDA:45,3,1,1
BRDA:49,4,0,0
BRDA:49,4,1,1
BRDA:49,5,0,1
BRDA:49,5,1,1
BRDA:57,6,0,2
BRDA:57,6,1,26
BRDA:64,7,0,28
BRDA:64,7,1,10
BRDA:67,8,0,28
BRDA:67,8,1,1
BRDA:76,9,0,28
BRDA:76,9,1,0
BRDA:79,10,0,28
BRDA:79,10,1,0
BRDA:88,11,0,28
BRDA:88,11,1,0
BRDA:91,12,0,28
BRDA:91,12,1,1
BRDA:99,13,0,28
BRDA:99,13,1,24
BRDA:102,14,0,28
BRDA:102,14,1,0
BRDA:110,15,0,28
BRDA:110,15,1,21
BRDA:118,16,0,28
BRDA:118,16,1,1
BRF:34
BRH:28
end_of_record
TN:
SF:src\utils\productValidation.js
FN:2,(anonymous_0)
FNF:1
FNH:1
FNDA:15,(anonymous_0)
DA:2,2
DA:3,15
DA:5,15
DA:6,15
DA:7,2
DA:8,13
DA:9,2
DA:12,15
DA:13,15
DA:14,2
DA:17,13
DA:18,13
DA:19,1
DA:23,15
DA:24,15
DA:25,1
DA:27,14
DA:28,14
DA:29,2
DA:33,15
DA:34,1
DA:37,15
DA:38,15
DA:39,2
DA:42,15
LF:25
LH:25
BRDA:5,0,0,13
BRDA:5,0,1,2
BRDA:6,1,0,2
BRDA:6,1,1,13
BRDA:8,2,0,2
BRDA:8,2,1,11
BRDA:8,3,0,13
BRDA:8,3,1,12
BRDA:13,4,0,2
BRDA:13,4,1,13
BRDA:13,5,0,15
BRDA:13,5,1,15
BRDA:18,6,0,1
BRDA:18,6,1,12
BRDA:18,7,0,13
BRDA:18,7,1,13
BRDA:24,8,0,1
BRDA:24,8,1,14
BRDA:24,9,0,15
BRDA:24,9,1,15
BRDA:28,10,0,2
BRDA:28,10,1,12
BRDA:28,11,0,14
BRDA:28,11,1,14
BRDA:28,11,2,13
BRDA:33,12,0,1
BRDA:33,12,1,14
BRDA:33,13,0,15
BRDA:33,13,1,12
BRDA:37,14,0,13
BRDA:37,14,1,2
BRDA:38,15,0,2
BRDA:38,15,1,13
BRF:33
BRH:33
end_of_record
