TN:
SF:src\components\ProductForm.jsx
FN:13,ProductForm
FN:17,(anonymous_1)
FN:26,(anonymous_2)
FN:28,(anonymous_3)
FN:31,(anonymous_4)
FNF:5
FNH:5
FNDA:49,ProductForm
FNDA:9,(anonymous_1)
FNDA:23,(anonymous_2)
FNDA:23,(anonymous_3)
FNDA:8,(anonymous_4)
DA:4,1
DA:14,49
DA:15,49
DA:17,49
DA:18,9
DA:20,3
DA:22,6
DA:26,49
DA:27,23
DA:28,23
DA:31,49
DA:33,8
DA:34,8
DA:37,8
DA:38,7
DA:42,1
DA:52,1
DA:55,49
LF:18
LH:18
BRDA:18,0,0,3
BRDA:18,0,1,6
BRDA:37,1,0,7
BRDA:37,1,1,1
BRDA:45,2,0,0
BRDA:45,2,1,1
BRDA:45,3,0,1
BRDA:45,3,1,1
BRDA:49,4,0,0
BRDA:49,4,1,1
BRDA:49,5,0,1
BRDA:49,5,1,1
BRDA:57,6,0,8
BRDA:57,6,1,41
BRDA:64,7,0,49
BRDA:64,7,1,14
BRDA:67,8,0,49
BRDA:67,8,1,1
BRDA:76,9,0,49
BRDA:76,9,1,2
BRDA:79,10,0,49
BRDA:79,10,1,2
BRDA:88,11,0,49
BRDA:88,11,1,2
BRDA:91,12,0,49
BRDA:91,12,1,2
BRDA:99,13,0,49
BRDA:99,13,1,38
BRDA:102,14,0,49
BRDA:102,14,1,1
BRDA:110,15,0,49
BRDA:110,15,1,34
BRDA:118,16,0,49
BRDA:118,16,1,1
BRF:34
BRH:32
end_of_record
TN:
SF:src\utils\productValidation.js
FN:2,(anonymous_0)
FNF:1
FNH:1
FNDA:19,(anonymous_0)
DA:2,2
DA:3,19
DA:5,19
DA:6,19
DA:7,2
DA:8,17
DA:9,2
DA:12,19
DA:13,19
DA:14,3
DA:17,16
DA:18,16
DA:19,1
DA:23,19
DA:24,19
DA:25,2
DA:27,17
DA:28,17
DA:29,3
DA:33,19
DA:34,2
DA:37,19
DA:38,19
DA:39,2
DA:42,19
LF:25
LH:25
BRDA:5,0,0,17
BRDA:5,0,1,2
BRDA:6,1,0,2
BRDA:6,1,1,17
BRDA:8,2,0,2
BRDA:8,2,1,15
BRDA:8,3,0,17
BRDA:8,3,1,16
BRDA:13,4,0,3
BRDA:13,4,1,16
BRDA:13,5,0,19
BRDA:13,5,1,18
BRDA:18,6,0,1
BRDA:18,6,1,15
BRDA:18,7,0,16
BRDA:18,7,1,16
BRDA:24,8,0,2
BRDA:24,8,1,17
BRDA:24,9,0,19
BRDA:24,9,1,18
BRDA:28,10,0,3
BRDA:28,10,1,14
BRDA:28,11,0,17
BRDA:28,11,1,17
BRDA:28,11,2,16
BRDA:33,12,0,2
BRDA:33,12,1,17
BRDA:33,13,0,19
BRDA:33,13,1,15
BRDA:37,14,0,17
BRDA:37,14,1,2
BRDA:38,15,0,2
BRDA:38,15,1,17
BRF:33
BRH:33
end_of_record
