<?xml version="1.0" encoding="UTF-8"?>
<coverage generated="1764468005982" clover="3.2.0">
  <project timestamp="1764468005982" name="All files">
    <metrics statements="12" coveredstatements="12" conditionals="10" coveredconditionals="10" methods="0" coveredmethods="0" elements="22" coveredelements="22" complexity="0" loc="12" ncloc="12" packages="1" files="1" classes="1"/>
    <file name="LoginValidation.js" path="C:\Users\G14\Downloads\KTPM-master (1)\KTPM-master\frontend\src\test\LoginValidation.js">
      <metrics statements="12" coveredstatements="12" conditionals="10" coveredconditionals="10" methods="0" coveredmethods="0"/>
      <line num="4" count="1" type="stmt"/>
      <line num="7" count="4" type="stmt"/>
      <line num="9" count="2" type="stmt"/>
      <line num="12" count="2" type="stmt"/>
      <line num="14" count="1" type="stmt"/>
      <line num="17" count="1" type="stmt"/>
      <line num="23" count="1" type="stmt"/>
      <line num="27" count="1" type="stmt"/>
      <line num="30" count="3" type="stmt"/>
      <line num="31" count="3" type="stmt"/>
      <line num="34" count="2" type="stmt"/>
      <line num="37" count="1" type="stmt"/>
    </file>
  </project>
</coverage>
