{"C:\\Users\\G14\\Downloads\\KTPM-master (1)\\KTPM-master\\frontend\\src\\test\\LoginValidation.js": {"path":"C:\\Users\\G14\\Downloads\\KTPM-master (1)\\KTPM-master\\frontend\\src\\test\\LoginValidation.js","statementMap":{"0":{"start":{"line":4,"column":4},"end":{"line":4,"column":null}},"1":{"start":{"line":7,"column":12},"end":{"line":7,"column":27}},"2":{"start":{"line":9,"column":4},"end":{"line":9,"column":null}},"3":{"start":{"line":12,"column":24},"end":{"line":12,"column":null}},"4":{"start":{"line":14,"column":4},"end":{"line":14,"column":null}},"5":{"start":{"line":17,"column":2},"end":{"line":17,"column":null}},"6":{"start":{"line":23,"column":4},"end":{"line":23,"column":null}},"7":{"start":{"line":27,"column":4},"end":{"line":27,"column":null}},"8":{"start":{"line":30,"column":20},"end":{"line":30,"column":45}},"9":{"start":{"line":31,"column":20},"end":{"line":31,"column":42}},"10":{"start":{"line":34,"column":4},"end":{"line":34,"column":null}},"11":{"start":{"line":37,"column":2},"end":{"line":37,"column":null}}},"fnMap":{},"branchMap":{"0":{"loc":{"start":{"line":3,"column":6},"end":{"line":3,"column":43}},"type":"binary-expr","locations":[{"start":{"line":3,"column":6},"end":{"line":3,"column":19}},{"start":{"line":3,"column":19},"end":{"line":3,"column":43}}],"line":3},"1":{"loc":{"start":{"line":8,"column":6},"end":{"line":8,"column":37}},"type":"binary-expr","locations":[{"start":{"line":8,"column":6},"end":{"line":8,"column":22}},{"start":{"line":8,"column":22},"end":{"line":8,"column":37}}],"line":8},"2":{"loc":{"start":{"line":22,"column":6},"end":{"line":22,"column":43}},"type":"binary-expr","locations":[{"start":{"line":22,"column":6},"end":{"line":22,"column":19}},{"start":{"line":22,"column":19},"end":{"line":22,"column":43}}],"line":22},"3":{"loc":{"start":{"line":26,"column":6},"end":{"line":26,"column":52}},"type":"binary-expr","locations":[{"start":{"line":26,"column":6},"end":{"line":26,"column":29}},{"start":{"line":26,"column":29},"end":{"line":26,"column":52}}],"line":26},"4":{"loc":{"start":{"line":33,"column":6},"end":{"line":33,"column":32}},"type":"binary-expr","locations":[{"start":{"line":33,"column":6},"end":{"line":33,"column":20}},{"start":{"line":33,"column":20},"end":{"line":33,"column":32}}],"line":33}},"s":{"0":1,"1":4,"2":2,"3":2,"4":1,"5":1,"6":1,"7":1,"8":3,"9":3,"10":2,"11":1},"f":{},"b":{"0":[5,4],"1":[4,3],"2":[5,4],"3":[4,3],"4":[3,2]},"meta":{"lastBranch":5,"lastFunction":0,"lastStatement":12,"seen":{"b:3:6:3:19:3:19:3:43":0,"s:4:4:4:Infinity":0,"s:7:12:7:27":1,"b:8:6:8:22:8:22:8:37":1,"s:9:4:9:Infinity":2,"s:12:24:12:Infinity":3,"s:14:4:14:Infinity":4,"s:17:2:17:Infinity":5,"b:22:6:22:19:22:19:22:43":2,"s:23:4:23:Infinity":6,"b:26:6:26:29:26:29:26:52":3,"s:27:4:27:Infinity":7,"s:30:20:30:45":8,"s:31:20:31:42":9,"b:33:6:33:20:33:20:33:32":4,"s:34:4:34:Infinity":10,"s:37:2:37:Infinity":11}}}
}
